XueYiShiTang,XueYiShiTang0
XueYiShiTang,CanYinZhongXin80
XueYiShiTang,XueWuShiTang120
XueYiShiTang,XueYiXiaoBaiFang35
XueYiShiTang,BaiNianJiangTang175
XueYiShiTang,GongHangQuKuanJi140
CanYinZhongXin,XueYiShiTang80
CanYinZhongXin,CanYinZhongXin0
CanYinZhongXin,XueWuShiTang40
CanYinZhongXin,XueYiXiaoBaiFang115
CanYinZhongXin,BaiNianJiangTang95
CanYinZhongXin,GongHangQuKuanJi60
XueWuShiTang,XueYiShiTang120
XueWuShiTang,CanYinZhongXin40
XueWuShiTang,XueWuShiTang0
XueWuShiTang,XueYiXiaoBaiFang85
XueWuShiTang,BaiNianJiangTang135
XueWuShiTang,GongHangQuKuanJi100
XueYiXiaoBaiFang,XueYiShiTang35
XueYiXiaoBaiFang,CanYinZhongXin115
XueYiXiaoBaiFang,XueWuShiTang85
XueYiXiaoBaiFang,XueYiXiaoBaiFang0
XueYiXiaoBaiFang,BaiNianJiangTang210
XueYiXiaoBaiFang,GongHangQuKuanJi175
BaiNianJiangTang,XueYiShiTang175
BaiNianJiangTang,CanYinZhongXin95
BaiNianJiangTang,XueWuShiTang135
BaiNianJiangTang,XueYiXiaoBaiFang210
BaiNianJiangTang,BaiNianJiangTang0
BaiNianJiangTang,GongHangQuKuanJi35
GongHangQuKuanJi,XueYiShiTang140
GongHangQuKuanJi,CanYinZhongXin60
GongHangQuKuanJi,XueWuShiTang100
GongHangQuKuanJi,XueYiXiaoBaiFang175
GongHangQuKuanJi,BaiNianJiangTang35
GongHangQuKuanJi,GongHangQuKuanJi0
XueYiXiaoBaiFang->(35)->XueYiShiTang->(80)->CanYinZhongXin->(60)->GongHangQuKuanJi->(35)->BaiNianJiangTang
GongHangQuKuanJi
